<?xml version="1.0" encoding="UTF-8"?>
<!-- Generated by org.testng.reporters.JUnitReportReporter -->
<testsuite hostname="DESKTOP-H59BR32" failures="0" tests="1" name="testCases.TC002_LoginTest" time="2.733" errors="0" timestamp="2025-03-08T20:33:48 IST" skipped="0">
  <testcase classname="testCases.TC002_LoginTest" name="verify_login" time="2.733"/>
</testsuite> <!-- testCases.TC002_LoginTest -->
